<?xml version="1.0" encoding="UTF-8"?>
<!-- Generated by org.testng.reporters.JUnitReportReporter -->
<testsuite hostname="Shumis-Air.fios-router.home" failures="0" tests="1" name="apis.tests.TestStudents" time="1.369" errors="0" timestamp="2023-06-05T14:17:02 EDT" skipped="0">
  <testcase classname="apis.tests.TestStudents" name="deleteStudentsTest" time="1.369"/>
  <system-out/>
</testsuite> <!-- apis.tests.TestStudents -->
